<?xml version="1.0" encoding="UTF-8"?>
<!-- Generated by org.testng.reporters.JUnitReportReporter -->
<testsuite hostname="DESKTOP-SHMIR38" failures="0" tests="1" name="locatorsExamples.CssSelectorExample" time="2.442" errors="0" timestamp="2023-08-02T13:45:17 IST" skipped="0">
  <testcase classname="locatorsExamples.CssSelectorExample" name="f" time="2.442"/>
  <system-out/>
</testsuite> <!-- locatorsExamples.CssSelectorExample -->
