<?xml version="1.0" encoding="UTF-8"?>
<!-- Generated by org.testng.reporters.JUnitReportReporter -->
<testsuite hostname="DESKTOP-SHMIR38" failures="0" tests="1" name="assignments.OpenMRS" time="9.838" errors="0" timestamp="2023-07-19T11:57:46 IST" skipped="0">
  <testcase classname="assignments.OpenMRS" name="f" time="9.838"/>
  <system-out/>
</testsuite> <!-- assignments.OpenMRS -->
