<?xml version="1.0" encoding="UTF-8"?>
<!-- Generated by org.testng.reporters.JUnitReportReporter -->
<testsuite hostname="DESKTOP-SHMIR38" failures="0" tests="1" name="locatorsExamples.BrokenLink" time="1.182" errors="0" timestamp="2023-08-04T17:24:40 IST" skipped="0">
  <testcase classname="locatorsExamples.BrokenLink" name="f" time="1.182"/>
  <system-out/>
</testsuite> <!-- locatorsExamples.BrokenLink -->
