<?xml version="1.0" encoding="UTF-8"?>
<!-- Generated by org.testng.reporters.JUnitReportReporter -->
<testsuite hostname="DESKTOP-SHMIR38" failures="0" tests="1" name="locatorsExamples.PressKey" time="2.932" errors="0" timestamp="2023-08-02T15:54:00 IST" skipped="0">
  <testcase classname="locatorsExamples.PressKey" name="f" time="2.932"/>
  <system-out/>
</testsuite> <!-- locatorsExamples.PressKey -->
