<?xml version="1.0" encoding="UTF-8"?>
<!-- Generated by org.testng.reporters.JUnitReportReporter -->
<testsuite hostname="DESKTOP-SHMIR38" failures="0" tests="1" name="locatorsExamples.ListExample" time="1.523" errors="0" timestamp="2023-08-04T18:30:26 IST" skipped="0">
  <testcase classname="locatorsExamples.ListExample" name="f" time="1.523"/>
  <system-out/>
</testsuite> <!-- locatorsExamples.ListExample -->
