<?xml version="1.0" encoding="UTF-8"?>
<!-- Generated by org.testng.reporters.JUnitReportReporter -->
<testsuite hostname="DESKTOP-SHMIR38" failures="0" tests="1" name="locatorsExamples.LinktextLocator" time="1.235" errors="0" timestamp="2023-08-04T16:57:36 IST" skipped="0">
  <testcase classname="locatorsExamples.LinktextLocator" name="f" time="1.235"/>
  <system-out/>
</testsuite> <!-- locatorsExamples.LinktextLocator -->
