<?xml version="1.0" encoding="UTF-8"?>
<!-- Generated by org.testng.reporters.JUnitReportReporter -->
<testsuite hostname="DESKTOP-SHMIR38" failures="0" tests="3" name="com.sdet.junit.Amazonappln" time="0.045" errors="0" timestamp="2023-07-06T18:41:01 IST" skipped="0">
  <testcase classname="com.sdet.junit.Amazonappln" name="reg" time="0.004"/>
  <system-out/>
  <testcase classname="com.sdet.junit.Amazonappln" name="search" time="0.021"/>
  <system-out/>
  <testcase classname="com.sdet.junit.Amazonappln" name="login" time="0.020"/>
  <system-out/>
</testsuite> <!-- com.sdet.junit.Amazonappln -->
