<?xml version="1.0" encoding="UTF-8"?>
<!-- Generated by org.testng.reporters.JUnitReportReporter -->
<testsuite hostname="DESKTOP-SHMIR38" failures="0" tests="1" name="locatorsExamples.GetSize" time="1.791" errors="0" timestamp="2023-08-02T16:38:09 IST" skipped="0">
  <testcase classname="locatorsExamples.GetSize" name="f" time="1.791"/>
  <system-out/>
</testsuite> <!-- locatorsExamples.GetSize -->
