<?xml version="1.0" encoding="UTF-8"?>
<!-- Generated by org.testng.reporters.JUnitReportReporter -->
<testsuite hostname="DESKTOP-SHMIR38" failures="0" tests="1" name="locatorsExamples.CheckMultipledropdown" time="3.845" errors="0" timestamp="2023-08-04T18:23:44 IST" skipped="0">
  <testcase classname="locatorsExamples.CheckMultipledropdown" name="f" time="3.845"/>
  <system-out/>
</testsuite> <!-- locatorsExamples.CheckMultipledropdown -->
