<?xml version="1.0" encoding="UTF-8"?>
<!-- Generated by org.testng.reporters.JUnitReportReporter -->
<testsuite hostname="DESKTOP-SHMIR38" failures="0" tests="2" name="com.sdet.junit.Amazonapp1" time="9.634" errors="0" timestamp="2023-08-01T14:48:02 IST" skipped="0">
  <testcase classname="com.sdet.junit.Amazonapp1" name="chrome" time="3.889"/>
  <system-out/>
  <testcase classname="com.sdet.junit.Amazonapp1" name="edge" time="5.745"/>
  <system-out/>
</testsuite> <!-- com.sdet.junit.Amazonapp1 -->
