<?xml version="1.0" encoding="UTF-8"?>
<!-- Generated by org.testng.reporters.JUnitReportReporter -->
<testsuite hostname="DESKTOP-SHMIR38" failures="0" tests="1" name="locatorsExamples.RetrieveText" time="2.630" errors="0" timestamp="2023-08-02T15:45:08 IST" skipped="0">
  <testcase classname="locatorsExamples.RetrieveText" name="f" time="2.630"/>
  <system-out/>
</testsuite> <!-- locatorsExamples.RetrieveText -->
