<?xml version="1.0" encoding="UTF-8"?>
<!-- Generated by org.testng.reporters.JUnitReportReporter -->
<testsuite hostname="DESKTOP-SHMIR38" failures="0" tests="1" name="com.sdet.junit.GetLocation" time="1.617" errors="0" timestamp="2023-08-02T16:01:29 IST" skipped="0">
  <testcase classname="com.sdet.junit.GetLocation" name="f" time="1.617"/>
  <system-out/>
</testsuite> <!-- com.sdet.junit.GetLocation -->
