<?xml version="1.0" encoding="UTF-8"?>
<!-- Generated by org.testng.reporters.JUnitReportReporter -->
<testsuite hostname="DESKTOP-SHMIR38" failures="0" tests="1" name="com.sdet.junit.Tset1" time="2.442" errors="0" timestamp="2023-07-10T12:10:06 IST" skipped="0">
  <testcase classname="com.sdet.junit.Tset1" name="f" time="2.442"/>
  <system-out/>
</testsuite> <!-- com.sdet.junit.Tset1 -->
