<?xml version="1.0" encoding="UTF-8"?>
<!-- Generated by org.testng.reporters.JUnitReportReporter -->
<testsuite hostname="DESKTOP-SHMIR38" failures="0" tests="1" name="locatorsExamples.NameLocator" time="2.222" errors="0" timestamp="2023-08-02T13:00:49 IST" skipped="0">
  <testcase classname="locatorsExamples.NameLocator" name="f" time="2.222"/>
  <system-out/>
</testsuite> <!-- locatorsExamples.NameLocator -->
