<?xml version="1.0" encoding="UTF-8"?>
<!-- Generated by org.testng.reporters.JUnitReportReporter -->
<testsuite hostname="DESKTOP-SHMIR38" failures="0" tests="1" name="com.sdet.junit.GetColour" time="1.823" errors="0" timestamp="2023-08-02T16:06:52 IST" skipped="0">
  <testcase classname="com.sdet.junit.GetColour" name="f" time="1.823"/>
  <system-out/>
</testsuite> <!-- com.sdet.junit.GetColour -->
