<?xml version="1.0" encoding="UTF-8"?>
<!-- Generated by org.testng.reporters.JUnitReportReporter -->
<testsuite hostname="DESKTOP-SHMIR38" failures="0" tests="1" name="locatorsExamples.Test1" time="3.650" errors="0" timestamp="2023-08-02T12:55:44 IST" skipped="0">
  <testcase classname="locatorsExamples.Test1" name="f" time="3.650"/>
  <system-out/>
</testsuite> <!-- locatorsExamples.Test1 -->
