<?xml version="1.0" encoding="UTF-8"?>
<!-- Generated by org.testng.reporters.JUnitReportReporter -->
<testsuite hostname="DESKTOP-SHMIR38" failures="0" tests="1" name="locatorsExamples.ClickAllCheckboxes" time="1.636" errors="0" timestamp="2023-08-04T13:44:43 IST" skipped="0">
  <testcase classname="locatorsExamples.ClickAllCheckboxes" name="f" time="1.636"/>
  <system-out/>
</testsuite> <!-- locatorsExamples.ClickAllCheckboxes -->
