<?xml version="1.0" encoding="UTF-8"?>
<!-- Generated by org.testng.reporters.JUnitReportReporter -->
<testsuite hostname="DESKTOP-SHMIR38" failures="0" tests="1" name="locatorsExamples.FindSelectedRadioBtn" time="2.750" errors="0" timestamp="2023-08-04T15:57:59 IST" skipped="0">
  <testcase classname="locatorsExamples.FindSelectedRadioBtn" name="f" time="2.750"/>
  <system-out/>
</testsuite> <!-- locatorsExamples.FindSelectedRadioBtn -->
