<?xml version="1.0" encoding="UTF-8"?>
<!-- Generated by org.testng.reporters.JUnitReportReporter -->
<testsuite hostname="DESKTOP-SHMIR38" failures="0" tests="1" name="locatorsExamples.XpathLocator" time="2.053" errors="0" timestamp="2023-08-02T14:12:58 IST" skipped="0">
  <testcase classname="locatorsExamples.XpathLocator" name="f" time="2.053"/>
  <system-out/>
</testsuite> <!-- locatorsExamples.XpathLocator -->
