<?xml version="1.0" encoding="UTF-8"?>
<!-- Generated by org.testng.reporters.JUnitReportReporter -->
<testsuite hostname="DESKTOP-SHMIR38" failures="0" tests="1" name="assignments.Amazon1" time="8.265" errors="0" timestamp="2023-07-10T17:33:17 IST" skipped="0">
  <testcase classname="assignments.Amazon1" name="f" time="8.265"/>
  <system-out/>
</testsuite> <!-- assignments.Amazon1 -->
