<?xml version="1.0" encoding="UTF-8"?>
<!-- Generated by org.testng.reporters.JUnitReportReporter -->
<testsuite hostname="DESKTOP-SHMIR38" failures="0" tests="1" name="com.sdet.junit.NewTest" time="1.269" errors="0" timestamp="2023-07-19T16:45:45 IST" skipped="0">
  <testcase classname="com.sdet.junit.NewTest" name="f" time="1.269"/>
  <system-out/>
</testsuite> <!-- com.sdet.junit.NewTest -->
